<?xml version="1.0" encoding="UTF-8"?>
<!-- Generated by org.testng.reporters.JUnitXMLReporter -->
<testsuite hostname="DESKTOP-F3JJBQB" ignored="0" name="Default test" tests="2" failures="0" timestamp="24 Aug 2018 00:44:12 GMT" time="40.207" errors="0">
  <testcase name="verifyMeeting" time="3.231" classname="com.WeightWatchers.qa.testcases.FindMeetingPageTest"/>
  <testcase name="searchTest" time="7.564" classname="com.WeightWatchers.qa.testcases.FindMeetingPageTest"/>
</testsuite> <!-- Default test -->
