<?xml version="1.0" encoding="UTF-8"?>
<testng-results skipped="0" failed="0" ignored="0" total="2" passed="2">
  <reporter-output>
  </reporter-output>
  <suite name="Default suite" duration-ms="32539" started-at="2018-08-24T16:28:07Z" finished-at="2018-08-24T16:28:39Z">
    <groups>
    </groups>
    <test name="Default test" duration-ms="32539" started-at="2018-08-24T16:28:07Z" finished-at="2018-08-24T16:28:39Z">
      <class name="com.WeightWatchers.qa.testcases.FindMeetingPageTest">
        <test-method status="PASS" signature="setUp()[pri:0, instance:com.WeightWatchers.qa.testcases.FindMeetingPageTest@68c4039c]" name="setUp" is-config="true" duration-ms="15596" started-at="2018-08-24T16:28:07Z" finished-at="2018-08-24T16:28:23Z">
          <reporter-output>
          </reporter-output>
        </test-method> <!-- setUp -->
        <test-method status="PASS" signature="verifyMeeting()[pri:1, instance:com.WeightWatchers.qa.testcases.FindMeetingPageTest@68c4039c]" name="verifyMeeting" duration-ms="81" started-at="2018-08-24T16:28:23Z" finished-at="2018-08-24T16:28:23Z">
          <reporter-output>
          </reporter-output>
        </test-method> <!-- verifyMeeting -->
        <test-method status="PASS" signature="tearDown()[pri:0, instance:com.WeightWatchers.qa.testcases.FindMeetingPageTest@68c4039c]" name="tearDown" is-config="true" duration-ms="784" started-at="2018-08-24T16:28:23Z" finished-at="2018-08-24T16:28:23Z">
          <reporter-output>
          </reporter-output>
        </test-method> <!-- tearDown -->
        <test-method status="PASS" signature="setUp()[pri:0, instance:com.WeightWatchers.qa.testcases.FindMeetingPageTest@68c4039c]" name="setUp" is-config="true" duration-ms="12902" started-at="2018-08-24T16:28:23Z" finished-at="2018-08-24T16:28:36Z">
          <reporter-output>
          </reporter-output>
        </test-method> <!-- setUp -->
        <test-method status="PASS" signature="searchTest()[pri:2, instance:com.WeightWatchers.qa.testcases.FindMeetingPageTest@68c4039c]" name="searchTest" duration-ms="2409" started-at="2018-08-24T16:28:36Z" finished-at="2018-08-24T16:28:39Z">
          <reporter-output>
          </reporter-output>
        </test-method> <!-- searchTest -->
        <test-method status="PASS" signature="tearDown()[pri:0, instance:com.WeightWatchers.qa.testcases.FindMeetingPageTest@68c4039c]" name="tearDown" is-config="true" duration-ms="726" started-at="2018-08-24T16:28:39Z" finished-at="2018-08-24T16:28:39Z">
          <reporter-output>
          </reporter-output>
        </test-method> <!-- tearDown -->
      </class> <!-- com.WeightWatchers.qa.testcases.FindMeetingPageTest -->
    </test> <!-- Default test -->
  </suite> <!-- Default suite -->
</testng-results>
