<?xml version="1.0" encoding="UTF-8"?>
<testng-results skipped="0" failed="0" ignored="0" total="2" passed="2">
  <reporter-output>
  </reporter-output>
  <suite name="Default suite" duration-ms="40207" started-at="2018-08-24T00:43:32Z" finished-at="2018-08-24T00:44:12Z">
    <groups>
    </groups>
    <test name="Default test" duration-ms="40207" started-at="2018-08-24T00:43:32Z" finished-at="2018-08-24T00:44:12Z">
      <class name="com.WeightWatchers.qa.testcases.FindMeetingPageTest">
        <test-method status="PASS" signature="setUp()[pri:0, instance:com.WeightWatchers.qa.testcases.FindMeetingPageTest@5f3a4b84]" name="setUp" is-config="true" duration-ms="10705" started-at="2018-08-24T00:43:32Z" finished-at="2018-08-24T00:43:43Z">
          <reporter-output>
          </reporter-output>
        </test-method> <!-- setUp -->
        <test-method status="PASS" signature="verifyMeeting()[pri:1, instance:com.WeightWatchers.qa.testcases.FindMeetingPageTest@5f3a4b84]" name="verifyMeeting" duration-ms="3231" started-at="2018-08-24T00:43:43Z" finished-at="2018-08-24T00:43:46Z">
          <reporter-output>
          </reporter-output>
        </test-method> <!-- verifyMeeting -->
        <test-method status="PASS" signature="tearDown()[pri:0, instance:com.WeightWatchers.qa.testcases.FindMeetingPageTest@5f3a4b84]" name="tearDown" is-config="true" duration-ms="2058" started-at="2018-08-24T00:43:46Z" finished-at="2018-08-24T00:43:48Z">
          <reporter-output>
          </reporter-output>
        </test-method> <!-- tearDown -->
        <test-method status="PASS" signature="setUp()[pri:0, instance:com.WeightWatchers.qa.testcases.FindMeetingPageTest@5f3a4b84]" name="setUp" is-config="true" duration-ms="16064" started-at="2018-08-24T00:43:48Z" finished-at="2018-08-24T00:44:04Z">
          <reporter-output>
          </reporter-output>
        </test-method> <!-- setUp -->
        <test-method status="PASS" signature="searchTest()[pri:2, instance:com.WeightWatchers.qa.testcases.FindMeetingPageTest@5f3a4b84]" name="searchTest" duration-ms="7564" started-at="2018-08-24T00:44:04Z" finished-at="2018-08-24T00:44:11Z">
          <reporter-output>
          </reporter-output>
        </test-method> <!-- searchTest -->
        <test-method status="PASS" signature="tearDown()[pri:0, instance:com.WeightWatchers.qa.testcases.FindMeetingPageTest@5f3a4b84]" name="tearDown" is-config="true" duration-ms="556" started-at="2018-08-24T00:44:11Z" finished-at="2018-08-24T00:44:12Z">
          <reporter-output>
          </reporter-output>
        </test-method> <!-- tearDown -->
      </class> <!-- com.WeightWatchers.qa.testcases.FindMeetingPageTest -->
    </test> <!-- Default test -->
  </suite> <!-- Default suite -->
</testng-results>
